#
# There is insufficient memory for the Java Runtime Environment to continue.
# Native memory allocation (mmap) failed to map 201326592 bytes. Error detail: G1 virtual space
# Possible reasons:
#   The system is out of physical RAM or swap space
#   This process is running with CompressedOops enabled, and the Java Heap may be blocking the growth of the native heap
# Possible solutions:
#   Reduce memory load on the system
#   Increase physical memory or swap space
#   Check if swap backing store is full
#   Decrease Java heap size (-Xmx/-Xms)
#   Decrease number of Java threads
#   Decrease Java thread stack sizes (-Xss)
#   Set larger code cache with -XX:ReservedCodeCacheSize=
#   JVM is running with Zero Based Compressed Oops mode in which the Java heap is
#     placed in the first 32GB address space. The Java Heap base address is the
#     maximum limit for the native heap growth. Please use -XX:HeapBaseMinAddress
#     to set the Java Heap base and to place the Java Heap above 32GB virtual address.
# This output file may be truncated or incomplete.
#
#  Out of Memory Error (os_windows.cpp:3828), pid=11088, tid=9928
#
# JRE version:  (21.0.5) (build )
# Java VM: OpenJDK 64-Bit Server VM (21.0.5+-13047016-b750.29, mixed mode, sharing, tiered, compressed oops, compressed class ptrs, g1 gc, windows-amd64)
# No core dump will be written. Minidumps are not enabled by default on client versions of Windows
#

---------------  S U M M A R Y ------------

Command Line: org.jetbrains.kotlin.cli.jvm.K2JVMCompiler @D:\Documents\SRSPU_NAVIGATION\app\build\20250418_7257489783241691274.compiler.options

Host: Intel(R) Xeon(R) CPU E5-2667 0 @ 2.90GHz, 12 cores, 11G,  Windows 10 , 64 bit Build 19041 (10.0.19041.2913)
Time: Fri Apr 18 16:38:32 2025 RTZ 2 (s 10 , 64 bit Build 19041 (10.0.19041.2913) elapsed time: 0.010804 seconds (0d 0h 0m 0s)

---------------  T H R E A D  ---------------

Current thread (0x000001bdcb751e70):  JavaThread "Unknown thread" [_thread_in_vm, id=9928, stack(0x000000b5d7f00000,0x000000b5d8000000) (1024K)]

Stack: [0x000000b5d7f00000,0x000000b5d8000000]
Native frames: (J=compiled Java code, j=interpreted, Vv=VM code, C=native code)
V  [jvm.dll+0x6cfb29]
V  [jvm.dll+0x85df93]
V  [jvm.dll+0x8604ee]
V  [jvm.dll+0x860bd3]
V  [jvm.dll+0x27e6b6]
V  [jvm.dll+0x6cc385]
V  [jvm.dll+0x6c078a]
V  [jvm.dll+0x35525b]
V  [jvm.dll+0x35ceb6]
V  [jvm.dll+0x3aedd6]
V  [jvm.dll+0x3af0a8]
V  [jvm.dll+0x32792c]
V  [jvm.dll+0x32861b]
V  [jvm.dll+0x8259d9]
V  [jvm.dll+0x3bbfa8]
V  [jvm.dll+0x80ec88]
V  [jvm.dll+0x45015e]
V  [jvm.dll+0x4518c1]
C  [jli.dll+0x52ab]
C  [ucrtbase.dll+0x21bb2]
C  [KERNEL32.DLL+0x17614]
C  [ntdll.dll+0x526a1]


---------------  P R O C E S S  ---------------

Threads class SMR info:
_java_thread_list=0x00007ffd264f0808, length=0, elements={
}

Java Threads: ( => current thread )
Total: 0

Other Threads:
  0x000001bdcd9ebd60 WorkerThread "GC Thread#0"                     [id=9328, stack(0x000000b5d8000000,0x000000b5d8100000) (1024K)]
  0x000001bdcd9f8d80 ConcurrentGCThread "G1 Main Marker"            [id=9696, stack(0x000000b5d8100000,0x000000b5d8200000) (1024K)]
  0x000001bdcd9fa830 WorkerThread "G1 Conc#0"                       [id=1432, stack(0x000000b5d8200000,0x000000b5d8300000) (1024K)]

[error occurred during error reporting (printing all threads), id 0xc0000005, EXCEPTION_ACCESS_VIOLATION (0xc0000005) at pc=0x00007ffd25cea967]
VM state: not at safepoint (not fully initialized)

VM Mutex/Monitor currently owned by a thread:  ([mutex/lock_event])
[0x00007ffd2655d460] Heap_lock - owner thread: 0x000001bdcb751e70

Heap address: 0x0000000741200000, size: 3054 MB, Compressed Oops mode: Zero based, Oop shift amount: 3

CDS archive(s) mapped at: [0x0000000000000000-0x0000000000000000-0x0000000000000000), size 0, SharedBaseAddress: 0x0000000800000000, ArchiveRelocationMode: 1.
Narrow klass base: 0x0000000000000000, Narrow klass shift: 0, Narrow klass range: 0x0

GC Precious Log:
 CardTable entry size: 512
 Card Set container configuration: InlinePtr #cards 4 size 8 Array Of Cards #cards 16 size 48 Howl #buckets 8 coarsen threshold 3686 Howl Bitmap #cards 512 size 80 coarsen threshold 460 Card regions per heap region 1 cards per card region 4096

Heap:
 garbage-first heap   total 0K, used 0K [0x0000000741200000, 0x0000000800000000)
  region size 2048K, 0 young (0K), 0 survivors (0K)
 Metaspace       used 0K, committed 0K, reserved 0K
  class space    used 0K, committed 0K, reserved 0K

Heap Regions: E=young(eden), S=young(survivor), O=old, HS=humongous(starts), HC=humongous(continues), CS=collection set, F=free, TAMS=top-at-mark-start, PB=parsable bottom

Card table byte_map: [0x000001bde0650000,0x000001bde0c50000] _byte_map_base: 0x000001bddcc47000

Marking Bits: (CMBitMap*) 0x000001bdcd9ec460
 Bits: [0x000001bde0c50000, 0x000001bde3c08000)

GC Heap History (0 events):
No events

Dll operation events (1 events):
Event: 0.007 Loaded shared library C:\Program Files\Android\Android Studio\jbr\bin\java.dll

Deoptimization events (0 events):
No events

Classes loaded (0 events):
No events

Classes unloaded (0 events):
No events

Classes redefined (0 events):
No events

Internal exceptions (0 events):
No events

ZGC Phase Switch (0 events):
No events

VM Operations (0 events):
No events

Memory protections (0 events):
No events

Nmethod flushes (0 events):
No events

Events (0 events):
No events


Dynamic libraries:
0x00007ff7460e0000 - 0x00007ff7460ea000 	C:\Program Files\Android\Android Studio\jbr\bin\java.exe
0x00007ffd86350000 - 0x00007ffd86548000 	C:\windows\SYSTEM32\ntdll.dll
0x00007ffd856e0000 - 0x00007ffd8579f000 	C:\windows\System32\KERNEL32.DLL
0x00007ffd83a70000 - 0x00007ffd83d66000 	C:\windows\System32\KERNELBASE.dll
0x00007ffd84240000 - 0x00007ffd84340000 	C:\windows\System32\ucrtbase.dll
0x00007ffd7ead0000 - 0x00007ffd7eaeb000 	C:\Program Files\Android\Android Studio\jbr\bin\VCRUNTIME140.dll
0x00007ffd7e190000 - 0x00007ffd7e1a8000 	C:\Program Files\Android\Android Studio\jbr\bin\jli.dll
0x00007ffd85140000 - 0x00007ffd852dd000 	C:\windows\System32\USER32.dll
0x00007ffd84150000 - 0x00007ffd84172000 	C:\windows\System32\win32u.dll
0x00007ffd709e0000 - 0x00007ffd70c7a000 	C:\windows\WinSxS\amd64_microsoft.windows.common-controls_6595b64144ccf1df_6.0.19041.1110_none_60b5254171f9507e\COMCTL32.dll
0x00007ffd86290000 - 0x00007ffd862bc000 	C:\windows\System32\GDI32.dll
0x00007ffd857a0000 - 0x00007ffd8583e000 	C:\windows\System32\msvcrt.dll
0x00007ffd83e80000 - 0x00007ffd83f95000 	C:\windows\System32\gdi32full.dll
0x00007ffd83de0000 - 0x00007ffd83e7d000 	C:\windows\System32\msvcp_win.dll
0x00007ffd86110000 - 0x00007ffd86140000 	C:\windows\System32\IMM32.DLL
0x00007ffd7eac0000 - 0x00007ffd7eacc000 	C:\Program Files\Android\Android Studio\jbr\bin\vcruntime140_1.dll
0x00007ffd78bc0000 - 0x00007ffd78c4d000 	C:\Program Files\Android\Android Studio\jbr\bin\msvcp140.dll
0x00007ffd259b0000 - 0x00007ffd2663a000 	C:\Program Files\Android\Android Studio\jbr\bin\server\jvm.dll
0x00007ffd85630000 - 0x00007ffd856df000 	C:\windows\System32\ADVAPI32.dll
0x00007ffd85340000 - 0x00007ffd853dc000 	C:\windows\System32\sechost.dll
0x00007ffd853e0000 - 0x00007ffd85506000 	C:\windows\System32\RPCRT4.dll
0x00007ffd861c0000 - 0x00007ffd8622b000 	C:\windows\System32\WS2_32.dll
0x00007ffd83040000 - 0x00007ffd8308b000 	C:\windows\SYSTEM32\POWRPROF.dll
0x00007ffd7c070000 - 0x00007ffd7c097000 	C:\windows\SYSTEM32\WINMM.dll
0x00007ffd7c060000 - 0x00007ffd7c06a000 	C:\windows\SYSTEM32\VERSION.dll
0x00007ffd82eb0000 - 0x00007ffd82ec2000 	C:\windows\SYSTEM32\UMPDC.dll
0x00007ffd81950000 - 0x00007ffd81962000 	C:\windows\SYSTEM32\kernel.appcore.dll
0x00007ffd7e600000 - 0x00007ffd7e60a000 	C:\Program Files\Android\Android Studio\jbr\bin\jimage.dll
0x00007ffd78e10000 - 0x00007ffd78ff4000 	C:\windows\SYSTEM32\DBGHELP.DLL
0x00007ffd6dda0000 - 0x00007ffd6ddd4000 	C:\windows\SYSTEM32\dbgcore.DLL
0x00007ffd84180000 - 0x00007ffd84202000 	C:\windows\System32\bcryptPrimitives.dll
0x00007ffd7e170000 - 0x00007ffd7e190000 	C:\Program Files\Android\Android Studio\jbr\bin\java.dll

dbghelp: loaded successfully - version: 4.0.5 - missing functions: none
symbol engine: initialized successfully - sym options: 0x614 - pdb path: .;C:\Program Files\Android\Android Studio\jbr\bin;C:\windows\SYSTEM32;C:\windows\WinSxS\amd64_microsoft.windows.common-controls_6595b64144ccf1df_6.0.19041.1110_none_60b5254171f9507e;C:\Program Files\Android\Android Studio\jbr\bin\server

VM Arguments:
java_command: org.jetbrains.kotlin.cli.jvm.K2JVMCompiler @D:\Documents\SRSPU_NAVIGATION\app\build\20250418_7257489783241691274.compiler.options
java_class_path (initial): C:\Users\Den\.gradle\caches\modules-2\files-2.1\org.jetbrains.kotlin\kotlin-compiler-embeddable\1.9.24\78dab849090e6c5e2eadb6e59a11cdc28fb67a08\kotlin-compiler-embeddable-1.9.24.jar;C:\Users\Den\.gradle\caches\modules-2\files-2.1\org.jetbrains.kotlin\kotlin-stdlib\1.9.24\9928532f12c66ad816a625b3f9984f8368ca6d2b\kotlin-stdlib-1.9.24.jar;C:\Users\Den\.gradle\caches\modules-2\files-2.1\org.jetbrains.kotlin\kotlin-script-runtime\1.9.24\96771497da90fbc5af1c90fce148db2595a62502\kotlin-script-runtime-1.9.24.jar;C:\Users\Den\.gradle\caches\modules-2\files-2.1\org.jetbrains.kotlin\kotlin-reflect\1.6.10\1cbe9c92c12a94eea200d23c2bbaedaf3daf5132\kotlin-reflect-1.6.10.jar;C:\Users\Den\.gradle\caches\modules-2\files-2.1\org.jetbrains.kotlin\kotlin-daemon-embeddable\1.9.24\86685b9c5e8d170925bd9ddbdc263374a6a73281\kotlin-daemon-embeddable-1.9.24.jar;C:\Users\Den\.gradle\caches\modules-2\files-2.1\org.jetbrains.intellij.deps\trove4j\1.0.20200330\3afb14d5f9ceb459d724e907a21145e8ff394f02\trove4j-1.0.20200330.jar;C:\Users\Den\.gradle\caches\modules-2\files-2.1\org.jetbrains\annotations\13.0\919f0dfe192fb4e063e7dacadee7f8bb9a2672a9\annotations-13.0.jar
Launcher Type: SUN_STANDARD

[Global flags]
     intx CICompilerCount                          = 4                                         {product} {ergonomic}
     uint ConcGCThreads                            = 3                                         {product} {ergonomic}
     uint G1ConcRefinementThreads                  = 10                                        {product} {ergonomic}
   size_t G1HeapRegionSize                         = 2097152                                   {product} {ergonomic}
    uintx GCDrainStackTargetSize                   = 64                                        {product} {ergonomic}
   size_t InitialHeapSize                          = 201326592                                 {product} {ergonomic}
   size_t MarkStackSize                            = 4194304                                   {product} {ergonomic}
   size_t MaxHeapSize                              = 3202351104                                {product} {ergonomic}
   size_t MinHeapDeltaBytes                        = 2097152                                   {product} {ergonomic}
   size_t MinHeapSize                              = 8388608                                   {product} {ergonomic}
    uintx NonNMethodCodeHeapSize                   = 5839372                                {pd product} {ergonomic}
    uintx NonProfiledCodeHeapSize                  = 122909434                              {pd product} {ergonomic}
    uintx ProfiledCodeHeapSize                     = 122909434                              {pd product} {ergonomic}
    uintx ReservedCodeCacheSize                    = 251658240                              {pd product} {ergonomic}
     bool SegmentedCodeCache                       = true                                      {product} {ergonomic}
   size_t SoftMaxHeapSize                          = 3202351104                             {manageable} {ergonomic}
     bool UseCompressedOops                        = true                           {product lp64_product} {ergonomic}
     bool UseG1GC                                  = true                                      {product} {ergonomic}
     bool UseLargePagesIndividualAllocation        = false                                  {pd product} {ergonomic}

Logging:
Log output configuration:
 #0: stdout all=warning uptime,level,tags foldmultilines=false
 #1: stderr all=off uptime,level,tags foldmultilines=false

Environment Variables:
JAVA_HOME=B:\JDK24
PATH=C:\Program Files\Common Files\Oracle\Java\javapath;B:\Program\VMWare\bin\;C:\Program Files\Python311\Scripts\;C:\Program Files\Python311\;C:\Program Files (x86)\Common Files\Oracle\Java\java8path;C:\Program Files (x86)\Common Files\Oracle\Java\javapath;C:\windows\system32;C:\windows;C:\windows\System32\Wbem;C:\windows\System32\WindowsPowerShell\v1.0\;C:\Program Files\Git\cmd;C:\Program Files (x86)\Windows Kits\10\Windows Performance Toolkit\;B:\Program\Inkscape\bin;c:\Users\Den\AppData\Local\Programs\cursor\resources\app\bin;c:\Users\Den\AppData\Local\Programs\cursor\resources\app\bin;C:\Users\Den\AppData\Local\Microsoft\WindowsApps;H:\Program\Microsoft VS Code;H:\Program\JetBrains\PyCharm 2023.1.2\bin;C:\Users\Den\AppData\Local\Programs\Microsoft VS Code\bin;C:\Users\Den\AppData\Local\JetBrains\Toolbox\scripts;C:\Users\Den\AppData\Local\Programs\Python\Python313;C:\Program Files\Python311;C:\Program Files\Git;C:\Users\Den\AppData\Roaming\Programs\Zero Install;B:\Program\Node;B:\Program\flutter_windows_3.29.2-stable\flutter\bin;C:\Users\Den\AppData\Local\Programs\Windsurf\bin;B:\JDK24\bin;C:\Users\Den\AppData\Local\Android\Sdk\platform-tools;C:\Users\Den\AppData\Local\Android\Sdk\tools\bin;C:\Users\Den\AppData\Local\Programs\cursor\resources\app\bin
USERNAME=Den
OS=Windows_NT
PROCESSOR_IDENTIFIER=Intel64 Family 6 Model 45 Stepping 7, GenuineIntel
TMP=C:\Users\Den\AppData\Local\Temp
TEMP=C:\Users\Den\AppData\Local\Temp




Periodic native trim disabled

JNI global refs:
JNI global refs: 0, weak refs: 0

JNI global refs memory usage: 0, weak refs: 0

Process memory usage:
Resident Set Size: 10716K (0% of 12501152K total physical memory with 1750332K free physical memory)

OOME stack traces (most recent first):
Classloader memory used:

---------------  S Y S T E M  ---------------

OS:
 Windows 10 , 64 bit Build 19041 (10.0.19041.2913)
OS uptime: 0 days 0:18 hours

CPU: total 12 (initial active 12) (6 cores per cpu, 2 threads per core) family 6 model 45 stepping 7 microcode 0x714, cx8, cmov, fxsr, ht, mmx, sse, sse2, sse3, ssse3, sse4.1, sse4.2, popcnt, tsc, tscinvbit, avx, aes, clmul, vzeroupper, clflush, rdtscp
Processor Information for all 12 processors :
  Max Mhz: 2901, Current Mhz: 2901, Mhz Limit: 2901

Memory: 4k page, system-wide physical 12208M (1709M free)
TotalPageFile size 15280M (AvailPageFile size 67M)
current process WorkingSet (physical memory assigned to process): 10M, peak: 10M
current process commit charge ("private bytes"): 64M, peak: 256M

vm_info: OpenJDK 64-Bit Server VM (21.0.5+-13047016-b750.29) for windows-amd64 JRE (21.0.5+-13047016-b750.29), built on 2025-02-11T21:12:39Z by "builder" with MS VC++ 16.10 / 16.11 (VS2019)

END.
